2019-12-17 11:00:27 DEBUG RequestAddCookies:123 - CookieSpec selected: default
2019-12-17 11:00:27 DEBUG RequestAuthCache:77 - Auth cache not set in the context
2019-12-17 11:00:27 DEBUG PoolingHttpClientConnectionManager:266 - Connection request: [route: {s}->https://api.telegram.org:443][total kept alive: 0; route allocated: 0 of 2; total allocated: 0 of 100]
2019-12-17 11:00:27 DEBUG PoolingHttpClientConnectionManager:310 - Connection leased: [id: 0][route: {s}->https://api.telegram.org:443][total kept alive: 0; route allocated: 1 of 2; total allocated: 1 of 100]
2019-12-17 11:00:27 DEBUG MainClientExec:234 - Opening connection {s}->https://api.telegram.org:443
2019-12-17 11:00:27 DEBUG DefaultHttpClientConnectionOperator:139 - Connecting to api.telegram.org/149.154.167.220:443
2019-12-17 11:00:27 DEBUG SSLConnectionSocketFactory:366 - Connecting socket to api.telegram.org/149.154.167.220:443 with timeout 75000
2019-12-17 11:00:27 DEBUG SSLConnectionSocketFactory:430 - Enabled protocols: [TLSv1.3, TLSv1.2, TLSv1.1, TLSv1]
2019-12-17 11:00:27 DEBUG SSLConnectionSocketFactory:431 - Enabled cipher suites:[TLS_AES_128_GCM_SHA256, TLS_AES_256_GCM_SHA384, TLS_CHACHA20_POLY1305_SHA256, TLS_ECDHE_ECDSA_WITH_AES_256_GCM_SHA384, TLS_ECDHE_ECDSA_WITH_AES_128_GCM_SHA256, TLS_ECDHE_ECDSA_WITH_CHACHA20_POLY1305_SHA256, TLS_ECDHE_RSA_WITH_AES_256_GCM_SHA384, TLS_ECDHE_RSA_WITH_CHACHA20_POLY1305_SHA256, TLS_RSA_WITH_AES_256_GCM_SHA384, TLS_ECDH_ECDSA_WITH_AES_256_GCM_SHA384, TLS_ECDH_RSA_WITH_AES_256_GCM_SHA384, TLS_DHE_RSA_WITH_AES_256_GCM_SHA384, TLS_DHE_RSA_WITH_CHACHA20_POLY1305_SHA256, TLS_DHE_DSS_WITH_AES_256_GCM_SHA384, TLS_ECDHE_RSA_WITH_AES_128_GCM_SHA256, TLS_RSA_WITH_AES_128_GCM_SHA256, TLS_ECDH_ECDSA_WITH_AES_128_GCM_SHA256, TLS_ECDH_RSA_WITH_AES_128_GCM_SHA256, TLS_DHE_RSA_WITH_AES_128_GCM_SHA256, TLS_DHE_DSS_WITH_AES_128_GCM_SHA256, TLS_ECDHE_ECDSA_WITH_AES_256_CBC_SHA384, TLS_ECDHE_RSA_WITH_AES_256_CBC_SHA384, TLS_RSA_WITH_AES_256_CBC_SHA256, TLS_ECDH_ECDSA_WITH_AES_256_CBC_SHA384, TLS_ECDH_RSA_WITH_AES_256_CBC_SHA384, TLS_DHE_RSA_WITH_AES_256_CBC_SHA256, TLS_DHE_DSS_WITH_AES_256_CBC_SHA256, TLS_ECDHE_ECDSA_WITH_AES_256_CBC_SHA, TLS_ECDHE_RSA_WITH_AES_256_CBC_SHA, TLS_RSA_WITH_AES_256_CBC_SHA, TLS_ECDH_ECDSA_WITH_AES_256_CBC_SHA, TLS_ECDH_RSA_WITH_AES_256_CBC_SHA, TLS_DHE_RSA_WITH_AES_256_CBC_SHA, TLS_DHE_DSS_WITH_AES_256_CBC_SHA, TLS_ECDHE_ECDSA_WITH_AES_128_CBC_SHA256, TLS_ECDHE_RSA_WITH_AES_128_CBC_SHA256, TLS_RSA_WITH_AES_128_CBC_SHA256, TLS_ECDH_ECDSA_WITH_AES_128_CBC_SHA256, TLS_ECDH_RSA_WITH_AES_128_CBC_SHA256, TLS_DHE_RSA_WITH_AES_128_CBC_SHA256, TLS_DHE_DSS_WITH_AES_128_CBC_SHA256, TLS_ECDHE_ECDSA_WITH_AES_128_CBC_SHA, TLS_ECDHE_RSA_WITH_AES_128_CBC_SHA, TLS_RSA_WITH_AES_128_CBC_SHA, TLS_ECDH_ECDSA_WITH_AES_128_CBC_SHA, TLS_ECDH_RSA_WITH_AES_128_CBC_SHA, TLS_DHE_RSA_WITH_AES_128_CBC_SHA, TLS_DHE_DSS_WITH_AES_128_CBC_SHA, TLS_EMPTY_RENEGOTIATION_INFO_SCSV]
2019-12-17 11:00:27 DEBUG SSLConnectionSocketFactory:435 - Starting handshake
2019-12-17 11:00:27 DEBUG SSLConnectionSocketFactory:465 - Secure session established
2019-12-17 11:00:27 DEBUG SSLConnectionSocketFactory:466 -  negotiated protocol: TLSv1.2
2019-12-17 11:00:27 DEBUG SSLConnectionSocketFactory:467 -  negotiated cipher suite: TLS_ECDHE_RSA_WITH_AES_128_GCM_SHA256
2019-12-17 11:00:27 DEBUG SSLConnectionSocketFactory:475 -  peer principal: CN=api.telegram.org, OU=Domain Control Validated
2019-12-17 11:00:27 DEBUG SSLConnectionSocketFactory:484 -  peer alternative names: [api.telegram.org, www.api.telegram.org]
2019-12-17 11:00:27 DEBUG SSLConnectionSocketFactory:488 -  issuer principal: CN=Go Daddy Secure Certificate Authority - G2, OU=http://certs.godaddy.com/repository/, O="GoDaddy.com, Inc.", L=Scottsdale, ST=Arizona, C=US
2019-12-17 11:00:27 DEBUG DefaultHttpClientConnectionOperator:146 - Connection established 10.0.16.131:19034<->149.154.167.220:443
2019-12-17 11:00:27 DEBUG DefaultManagedHttpClientConnection:88 - http-outgoing-0: set socket timeout to 75000
2019-12-17 11:00:27 DEBUG MainClientExec:255 - Executing request POST /bot906099272:AAEs_vkxgMyBWk2J7hzC01RIbVfjtonqvkw/deleteWebhook HTTP/1.1
2019-12-17 11:00:27 DEBUG MainClientExec:260 - Target auth state: UNCHALLENGED
2019-12-17 11:00:27 DEBUG MainClientExec:266 - Proxy auth state: UNCHALLENGED
2019-12-17 11:00:27 DEBUG headers:133 - http-outgoing-0 >> POST /bot906099272:AAEs_vkxgMyBWk2J7hzC01RIbVfjtonqvkw/deleteWebhook HTTP/1.1
2019-12-17 11:00:27 DEBUG headers:136 - http-outgoing-0 >> charset: UTF-8
2019-12-17 11:00:27 DEBUG headers:136 - http-outgoing-0 >> Content-Length: 26
2019-12-17 11:00:27 DEBUG headers:136 - http-outgoing-0 >> Content-Type: application/json; charset=UTF-8
2019-12-17 11:00:27 DEBUG headers:136 - http-outgoing-0 >> Host: api.telegram.org
2019-12-17 11:00:27 DEBUG headers:136 - http-outgoing-0 >> Connection: Keep-Alive
2019-12-17 11:00:27 DEBUG headers:136 - http-outgoing-0 >> User-Agent: Apache-HttpClient/4.5.10 (Java/12.0.1)
2019-12-17 11:00:27 DEBUG headers:136 - http-outgoing-0 >> Accept-Encoding: gzip,deflate
2019-12-17 11:00:27 DEBUG wire:73 - http-outgoing-0 >> "POST /bot906099272:AAEs_vkxgMyBWk2J7hzC01RIbVfjtonqvkw/deleteWebhook HTTP/1.1[\r][\n]"
2019-12-17 11:00:27 DEBUG wire:73 - http-outgoing-0 >> "charset: UTF-8[\r][\n]"
2019-12-17 11:00:27 DEBUG wire:73 - http-outgoing-0 >> "Content-Length: 26[\r][\n]"
2019-12-17 11:00:27 DEBUG wire:73 - http-outgoing-0 >> "Content-Type: application/json; charset=UTF-8[\r][\n]"
2019-12-17 11:00:27 DEBUG wire:73 - http-outgoing-0 >> "Host: api.telegram.org[\r][\n]"
2019-12-17 11:00:27 DEBUG wire:73 - http-outgoing-0 >> "Connection: Keep-Alive[\r][\n]"
2019-12-17 11:00:27 DEBUG wire:73 - http-outgoing-0 >> "User-Agent: Apache-HttpClient/4.5.10 (Java/12.0.1)[\r][\n]"
2019-12-17 11:00:27 DEBUG wire:73 - http-outgoing-0 >> "Accept-Encoding: gzip,deflate[\r][\n]"
2019-12-17 11:00:27 DEBUG wire:73 - http-outgoing-0 >> "[\r][\n]"
2019-12-17 11:00:27 DEBUG wire:87 - http-outgoing-0 >> "{"method":"deleteWebhook"}"
2019-12-17 11:00:27 DEBUG wire:73 - http-outgoing-0 << "HTTP/1.1 200 OK[\r][\n]"
2019-12-17 11:00:27 DEBUG wire:73 - http-outgoing-0 << "Server: nginx/1.16.1[\r][\n]"
2019-12-17 11:00:27 DEBUG wire:73 - http-outgoing-0 << "Date: Tue, 17 Dec 2019 10:00:26 GMT[\r][\n]"
2019-12-17 11:00:27 DEBUG wire:73 - http-outgoing-0 << "Content-Type: application/json[\r][\n]"
2019-12-17 11:00:27 DEBUG wire:73 - http-outgoing-0 << "Content-Length: 68[\r][\n]"
2019-12-17 11:00:27 DEBUG wire:73 - http-outgoing-0 << "Connection: keep-alive[\r][\n]"
2019-12-17 11:00:27 DEBUG wire:73 - http-outgoing-0 << "Strict-Transport-Security: max-age=31536000; includeSubDomains; preload[\r][\n]"
2019-12-17 11:00:27 DEBUG wire:73 - http-outgoing-0 << "Access-Control-Allow-Origin: *[\r][\n]"
2019-12-17 11:00:27 DEBUG wire:73 - http-outgoing-0 << "Access-Control-Allow-Methods: GET, POST, OPTIONS[\r][\n]"
2019-12-17 11:00:27 DEBUG wire:73 - http-outgoing-0 << "Access-Control-Expose-Headers: Content-Length,Content-Type,Date,Server,Connection[\r][\n]"
2019-12-17 11:00:27 DEBUG wire:73 - http-outgoing-0 << "[\r][\n]"
2019-12-17 11:00:27 DEBUG wire:87 - http-outgoing-0 << "{"ok":true,"result":true,"description":"Webhook is already deleted"}"
2019-12-17 11:00:27 DEBUG headers:122 - http-outgoing-0 << HTTP/1.1 200 OK
2019-12-17 11:00:27 DEBUG headers:125 - http-outgoing-0 << Server: nginx/1.16.1
2019-12-17 11:00:27 DEBUG headers:125 - http-outgoing-0 << Date: Tue, 17 Dec 2019 10:00:26 GMT
2019-12-17 11:00:27 DEBUG headers:125 - http-outgoing-0 << Content-Type: application/json
2019-12-17 11:00:27 DEBUG headers:125 - http-outgoing-0 << Content-Length: 68
2019-12-17 11:00:27 DEBUG headers:125 - http-outgoing-0 << Connection: keep-alive
2019-12-17 11:00:27 DEBUG headers:125 - http-outgoing-0 << Strict-Transport-Security: max-age=31536000; includeSubDomains; preload
2019-12-17 11:00:27 DEBUG headers:125 - http-outgoing-0 << Access-Control-Allow-Origin: *
2019-12-17 11:00:27 DEBUG headers:125 - http-outgoing-0 << Access-Control-Allow-Methods: GET, POST, OPTIONS
2019-12-17 11:00:27 DEBUG headers:125 - http-outgoing-0 << Access-Control-Expose-Headers: Content-Length,Content-Type,Date,Server,Connection
2019-12-17 11:00:27 DEBUG MainClientExec:285 - Connection can be kept alive indefinitely
2019-12-17 11:00:27 DEBUG PoolingHttpClientConnectionManager:342 - Connection [id: 0][route: {s}->https://api.telegram.org:443] can be kept alive indefinitely
2019-12-17 11:00:27 DEBUG DefaultManagedHttpClientConnection:88 - http-outgoing-0: set socket timeout to 0
2019-12-17 11:00:27 DEBUG PoolingHttpClientConnectionManager:349 - Connection released: [id: 0][route: {s}->https://api.telegram.org:443][total kept alive: 1; route allocated: 1 of 2; total allocated: 1 of 100]
2019-12-17 11:00:27 DEBUG RequestAddCookies:123 - CookieSpec selected: default
2019-12-17 11:00:27 DEBUG RequestAuthCache:77 - Auth cache not set in the context
2019-12-17 11:00:27 DEBUG PoolingHttpClientConnectionManager:266 - Connection request: [route: {s}->https://api.telegram.org:443][total kept alive: 0; route allocated: 0 of 2; total allocated: 0 of 100]
2019-12-17 11:00:27 DEBUG PoolingHttpClientConnectionManager:310 - Connection leased: [id: 1][route: {s}->https://api.telegram.org:443][total kept alive: 0; route allocated: 1 of 2; total allocated: 1 of 100]
2019-12-17 11:00:27 DEBUG MainClientExec:234 - Opening connection {s}->https://api.telegram.org:443
2019-12-17 11:00:27 DEBUG DefaultHttpClientConnectionOperator:139 - Connecting to api.telegram.org/149.154.167.220:443
2019-12-17 11:00:27 DEBUG SSLConnectionSocketFactory:366 - Connecting socket to api.telegram.org/149.154.167.220:443 with timeout 75000
2019-12-17 11:00:27 DEBUG SSLConnectionSocketFactory:430 - Enabled protocols: [TLSv1.3, TLSv1.2, TLSv1.1, TLSv1]
2019-12-17 11:00:27 DEBUG SSLConnectionSocketFactory:431 - Enabled cipher suites:[TLS_AES_128_GCM_SHA256, TLS_AES_256_GCM_SHA384, TLS_CHACHA20_POLY1305_SHA256, TLS_ECDHE_ECDSA_WITH_AES_256_GCM_SHA384, TLS_ECDHE_ECDSA_WITH_AES_128_GCM_SHA256, TLS_ECDHE_ECDSA_WITH_CHACHA20_POLY1305_SHA256, TLS_ECDHE_RSA_WITH_AES_256_GCM_SHA384, TLS_ECDHE_RSA_WITH_CHACHA20_POLY1305_SHA256, TLS_RSA_WITH_AES_256_GCM_SHA384, TLS_ECDH_ECDSA_WITH_AES_256_GCM_SHA384, TLS_ECDH_RSA_WITH_AES_256_GCM_SHA384, TLS_DHE_RSA_WITH_AES_256_GCM_SHA384, TLS_DHE_RSA_WITH_CHACHA20_POLY1305_SHA256, TLS_DHE_DSS_WITH_AES_256_GCM_SHA384, TLS_ECDHE_RSA_WITH_AES_128_GCM_SHA256, TLS_RSA_WITH_AES_128_GCM_SHA256, TLS_ECDH_ECDSA_WITH_AES_128_GCM_SHA256, TLS_ECDH_RSA_WITH_AES_128_GCM_SHA256, TLS_DHE_RSA_WITH_AES_128_GCM_SHA256, TLS_DHE_DSS_WITH_AES_128_GCM_SHA256, TLS_ECDHE_ECDSA_WITH_AES_256_CBC_SHA384, TLS_ECDHE_RSA_WITH_AES_256_CBC_SHA384, TLS_RSA_WITH_AES_256_CBC_SHA256, TLS_ECDH_ECDSA_WITH_AES_256_CBC_SHA384, TLS_ECDH_RSA_WITH_AES_256_CBC_SHA384, TLS_DHE_RSA_WITH_AES_256_CBC_SHA256, TLS_DHE_DSS_WITH_AES_256_CBC_SHA256, TLS_ECDHE_ECDSA_WITH_AES_256_CBC_SHA, TLS_ECDHE_RSA_WITH_AES_256_CBC_SHA, TLS_RSA_WITH_AES_256_CBC_SHA, TLS_ECDH_ECDSA_WITH_AES_256_CBC_SHA, TLS_ECDH_RSA_WITH_AES_256_CBC_SHA, TLS_DHE_RSA_WITH_AES_256_CBC_SHA, TLS_DHE_DSS_WITH_AES_256_CBC_SHA, TLS_ECDHE_ECDSA_WITH_AES_128_CBC_SHA256, TLS_ECDHE_RSA_WITH_AES_128_CBC_SHA256, TLS_RSA_WITH_AES_128_CBC_SHA256, TLS_ECDH_ECDSA_WITH_AES_128_CBC_SHA256, TLS_ECDH_RSA_WITH_AES_128_CBC_SHA256, TLS_DHE_RSA_WITH_AES_128_CBC_SHA256, TLS_DHE_DSS_WITH_AES_128_CBC_SHA256, TLS_ECDHE_ECDSA_WITH_AES_128_CBC_SHA, TLS_ECDHE_RSA_WITH_AES_128_CBC_SHA, TLS_RSA_WITH_AES_128_CBC_SHA, TLS_ECDH_ECDSA_WITH_AES_128_CBC_SHA, TLS_ECDH_RSA_WITH_AES_128_CBC_SHA, TLS_DHE_RSA_WITH_AES_128_CBC_SHA, TLS_DHE_DSS_WITH_AES_128_CBC_SHA, TLS_EMPTY_RENEGOTIATION_INFO_SCSV]
2019-12-17 11:00:27 DEBUG SSLConnectionSocketFactory:435 - Starting handshake
2019-12-17 11:00:28 DEBUG SSLConnectionSocketFactory:465 - Secure session established
2019-12-17 11:00:28 DEBUG SSLConnectionSocketFactory:466 -  negotiated protocol: TLSv1.2
2019-12-17 11:00:28 DEBUG SSLConnectionSocketFactory:467 -  negotiated cipher suite: TLS_ECDHE_RSA_WITH_AES_128_GCM_SHA256
2019-12-17 11:00:28 DEBUG SSLConnectionSocketFactory:475 -  peer principal: CN=api.telegram.org, OU=Domain Control Validated
2019-12-17 11:00:28 DEBUG SSLConnectionSocketFactory:484 -  peer alternative names: [api.telegram.org, www.api.telegram.org]
2019-12-17 11:00:28 DEBUG SSLConnectionSocketFactory:488 -  issuer principal: CN=Go Daddy Secure Certificate Authority - G2, OU=http://certs.godaddy.com/repository/, O="GoDaddy.com, Inc.", L=Scottsdale, ST=Arizona, C=US
2019-12-17 11:00:28 DEBUG DefaultHttpClientConnectionOperator:146 - Connection established 10.0.16.131:19035<->149.154.167.220:443
2019-12-17 11:00:28 DEBUG DefaultManagedHttpClientConnection:88 - http-outgoing-1: set socket timeout to 75000
2019-12-17 11:00:28 DEBUG MainClientExec:255 - Executing request POST /bot906099272:AAEs_vkxgMyBWk2J7hzC01RIbVfjtonqvkw/getupdates HTTP/1.1
2019-12-17 11:00:28 DEBUG MainClientExec:260 - Target auth state: UNCHALLENGED
2019-12-17 11:00:28 DEBUG MainClientExec:266 - Proxy auth state: UNCHALLENGED
2019-12-17 11:00:28 DEBUG headers:133 - http-outgoing-1 >> POST /bot906099272:AAEs_vkxgMyBWk2J7hzC01RIbVfjtonqvkw/getupdates HTTP/1.1
2019-12-17 11:00:28 DEBUG headers:136 - http-outgoing-1 >> charset: UTF-8
2019-12-17 11:00:28 DEBUG headers:136 - http-outgoing-1 >> Content-Length: 59
2019-12-17 11:00:28 DEBUG headers:136 - http-outgoing-1 >> Content-Type: application/json; charset=UTF-8
2019-12-17 11:00:28 DEBUG headers:136 - http-outgoing-1 >> Host: api.telegram.org
2019-12-17 11:00:28 DEBUG headers:136 - http-outgoing-1 >> Connection: Keep-Alive
2019-12-17 11:00:28 DEBUG headers:136 - http-outgoing-1 >> User-Agent: Apache-HttpClient/4.5.10 (Java/12.0.1)
2019-12-17 11:00:28 DEBUG headers:136 - http-outgoing-1 >> Accept-Encoding: gzip,deflate
2019-12-17 11:00:28 DEBUG wire:73 - http-outgoing-1 >> "POST /bot906099272:AAEs_vkxgMyBWk2J7hzC01RIbVfjtonqvkw/getupdates HTTP/1.1[\r][\n]"
2019-12-17 11:00:28 DEBUG wire:73 - http-outgoing-1 >> "charset: UTF-8[\r][\n]"
2019-12-17 11:00:28 DEBUG wire:73 - http-outgoing-1 >> "Content-Length: 59[\r][\n]"
2019-12-17 11:00:28 DEBUG wire:73 - http-outgoing-1 >> "Content-Type: application/json; charset=UTF-8[\r][\n]"
2019-12-17 11:00:28 DEBUG wire:73 - http-outgoing-1 >> "Host: api.telegram.org[\r][\n]"
2019-12-17 11:00:28 DEBUG wire:73 - http-outgoing-1 >> "Connection: Keep-Alive[\r][\n]"
2019-12-17 11:00:28 DEBUG wire:73 - http-outgoing-1 >> "User-Agent: Apache-HttpClient/4.5.10 (Java/12.0.1)[\r][\n]"
2019-12-17 11:00:28 DEBUG wire:73 - http-outgoing-1 >> "Accept-Encoding: gzip,deflate[\r][\n]"
2019-12-17 11:00:28 DEBUG wire:73 - http-outgoing-1 >> "[\r][\n]"
2019-12-17 11:00:28 DEBUG wire:87 - http-outgoing-1 >> "{"offset":1,"limit":100,"timeout":50,"method":"getupdates"}"
2019-12-17 11:01:22 DEBUG RequestAddCookies:123 - CookieSpec selected: default
2019-12-17 11:01:22 DEBUG RequestAuthCache:77 - Auth cache not set in the context
2019-12-17 11:01:22 DEBUG PoolingHttpClientConnectionManager:266 - Connection request: [route: {s}->https://api.telegram.org:443][total kept alive: 0; route allocated: 0 of 2; total allocated: 0 of 100]
2019-12-17 11:01:22 DEBUG PoolingHttpClientConnectionManager:310 - Connection leased: [id: 0][route: {s}->https://api.telegram.org:443][total kept alive: 0; route allocated: 1 of 2; total allocated: 1 of 100]
2019-12-17 11:01:22 DEBUG MainClientExec:234 - Opening connection {s}->https://api.telegram.org:443
2019-12-17 11:01:22 DEBUG DefaultHttpClientConnectionOperator:139 - Connecting to api.telegram.org/149.154.167.220:443
2019-12-17 11:01:22 DEBUG SSLConnectionSocketFactory:366 - Connecting socket to api.telegram.org/149.154.167.220:443 with timeout 75000
2019-12-17 11:01:22 DEBUG SSLConnectionSocketFactory:430 - Enabled protocols: [TLSv1.3, TLSv1.2, TLSv1.1, TLSv1]
2019-12-17 11:01:22 DEBUG SSLConnectionSocketFactory:431 - Enabled cipher suites:[TLS_AES_128_GCM_SHA256, TLS_AES_256_GCM_SHA384, TLS_CHACHA20_POLY1305_SHA256, TLS_ECDHE_ECDSA_WITH_AES_256_GCM_SHA384, TLS_ECDHE_ECDSA_WITH_AES_128_GCM_SHA256, TLS_ECDHE_ECDSA_WITH_CHACHA20_POLY1305_SHA256, TLS_ECDHE_RSA_WITH_AES_256_GCM_SHA384, TLS_ECDHE_RSA_WITH_CHACHA20_POLY1305_SHA256, TLS_RSA_WITH_AES_256_GCM_SHA384, TLS_ECDH_ECDSA_WITH_AES_256_GCM_SHA384, TLS_ECDH_RSA_WITH_AES_256_GCM_SHA384, TLS_DHE_RSA_WITH_AES_256_GCM_SHA384, TLS_DHE_RSA_WITH_CHACHA20_POLY1305_SHA256, TLS_DHE_DSS_WITH_AES_256_GCM_SHA384, TLS_ECDHE_RSA_WITH_AES_128_GCM_SHA256, TLS_RSA_WITH_AES_128_GCM_SHA256, TLS_ECDH_ECDSA_WITH_AES_128_GCM_SHA256, TLS_ECDH_RSA_WITH_AES_128_GCM_SHA256, TLS_DHE_RSA_WITH_AES_128_GCM_SHA256, TLS_DHE_DSS_WITH_AES_128_GCM_SHA256, TLS_ECDHE_ECDSA_WITH_AES_256_CBC_SHA384, TLS_ECDHE_RSA_WITH_AES_256_CBC_SHA384, TLS_RSA_WITH_AES_256_CBC_SHA256, TLS_ECDH_ECDSA_WITH_AES_256_CBC_SHA384, TLS_ECDH_RSA_WITH_AES_256_CBC_SHA384, TLS_DHE_RSA_WITH_AES_256_CBC_SHA256, TLS_DHE_DSS_WITH_AES_256_CBC_SHA256, TLS_ECDHE_ECDSA_WITH_AES_256_CBC_SHA, TLS_ECDHE_RSA_WITH_AES_256_CBC_SHA, TLS_RSA_WITH_AES_256_CBC_SHA, TLS_ECDH_ECDSA_WITH_AES_256_CBC_SHA, TLS_ECDH_RSA_WITH_AES_256_CBC_SHA, TLS_DHE_RSA_WITH_AES_256_CBC_SHA, TLS_DHE_DSS_WITH_AES_256_CBC_SHA, TLS_ECDHE_ECDSA_WITH_AES_128_CBC_SHA256, TLS_ECDHE_RSA_WITH_AES_128_CBC_SHA256, TLS_RSA_WITH_AES_128_CBC_SHA256, TLS_ECDH_ECDSA_WITH_AES_128_CBC_SHA256, TLS_ECDH_RSA_WITH_AES_128_CBC_SHA256, TLS_DHE_RSA_WITH_AES_128_CBC_SHA256, TLS_DHE_DSS_WITH_AES_128_CBC_SHA256, TLS_ECDHE_ECDSA_WITH_AES_128_CBC_SHA, TLS_ECDHE_RSA_WITH_AES_128_CBC_SHA, TLS_RSA_WITH_AES_128_CBC_SHA, TLS_ECDH_ECDSA_WITH_AES_128_CBC_SHA, TLS_ECDH_RSA_WITH_AES_128_CBC_SHA, TLS_DHE_RSA_WITH_AES_128_CBC_SHA, TLS_DHE_DSS_WITH_AES_128_CBC_SHA, TLS_EMPTY_RENEGOTIATION_INFO_SCSV]
2019-12-17 11:01:22 DEBUG SSLConnectionSocketFactory:435 - Starting handshake
2019-12-17 11:01:22 DEBUG SSLConnectionSocketFactory:465 - Secure session established
2019-12-17 11:01:22 DEBUG SSLConnectionSocketFactory:466 -  negotiated protocol: TLSv1.2
2019-12-17 11:01:22 DEBUG SSLConnectionSocketFactory:467 -  negotiated cipher suite: TLS_ECDHE_RSA_WITH_AES_128_GCM_SHA256
2019-12-17 11:01:22 DEBUG SSLConnectionSocketFactory:475 -  peer principal: CN=api.telegram.org, OU=Domain Control Validated
2019-12-17 11:01:22 DEBUG SSLConnectionSocketFactory:484 -  peer alternative names: [api.telegram.org, www.api.telegram.org]
2019-12-17 11:01:22 DEBUG SSLConnectionSocketFactory:488 -  issuer principal: CN=Go Daddy Secure Certificate Authority - G2, OU=http://certs.godaddy.com/repository/, O="GoDaddy.com, Inc.", L=Scottsdale, ST=Arizona, C=US
2019-12-17 11:01:22 DEBUG DefaultHttpClientConnectionOperator:146 - Connection established 10.0.16.131:19045<->149.154.167.220:443
2019-12-17 11:01:22 DEBUG DefaultManagedHttpClientConnection:88 - http-outgoing-0: set socket timeout to 75000
2019-12-17 11:01:22 DEBUG MainClientExec:255 - Executing request POST /bot906099272:AAEs_vkxgMyBWk2J7hzC01RIbVfjtonqvkw/deleteWebhook HTTP/1.1
2019-12-17 11:01:22 DEBUG MainClientExec:260 - Target auth state: UNCHALLENGED
2019-12-17 11:01:22 DEBUG MainClientExec:266 - Proxy auth state: UNCHALLENGED
2019-12-17 11:01:22 DEBUG headers:133 - http-outgoing-0 >> POST /bot906099272:AAEs_vkxgMyBWk2J7hzC01RIbVfjtonqvkw/deleteWebhook HTTP/1.1
2019-12-17 11:01:22 DEBUG headers:136 - http-outgoing-0 >> charset: UTF-8
2019-12-17 11:01:22 DEBUG headers:136 - http-outgoing-0 >> Content-Length: 26
2019-12-17 11:01:22 DEBUG headers:136 - http-outgoing-0 >> Content-Type: application/json; charset=UTF-8
2019-12-17 11:01:22 DEBUG headers:136 - http-outgoing-0 >> Host: api.telegram.org
2019-12-17 11:01:22 DEBUG headers:136 - http-outgoing-0 >> Connection: Keep-Alive
2019-12-17 11:01:22 DEBUG headers:136 - http-outgoing-0 >> User-Agent: Apache-HttpClient/4.5.10 (Java/12.0.1)
2019-12-17 11:01:22 DEBUG headers:136 - http-outgoing-0 >> Accept-Encoding: gzip,deflate
2019-12-17 11:01:22 DEBUG wire:73 - http-outgoing-0 >> "POST /bot906099272:AAEs_vkxgMyBWk2J7hzC01RIbVfjtonqvkw/deleteWebhook HTTP/1.1[\r][\n]"
2019-12-17 11:01:22 DEBUG wire:73 - http-outgoing-0 >> "charset: UTF-8[\r][\n]"
2019-12-17 11:01:22 DEBUG wire:73 - http-outgoing-0 >> "Content-Length: 26[\r][\n]"
2019-12-17 11:01:22 DEBUG wire:73 - http-outgoing-0 >> "Content-Type: application/json; charset=UTF-8[\r][\n]"
2019-12-17 11:01:22 DEBUG wire:73 - http-outgoing-0 >> "Host: api.telegram.org[\r][\n]"
2019-12-17 11:01:22 DEBUG wire:73 - http-outgoing-0 >> "Connection: Keep-Alive[\r][\n]"
2019-12-17 11:01:22 DEBUG wire:73 - http-outgoing-0 >> "User-Agent: Apache-HttpClient/4.5.10 (Java/12.0.1)[\r][\n]"
2019-12-17 11:01:22 DEBUG wire:73 - http-outgoing-0 >> "Accept-Encoding: gzip,deflate[\r][\n]"
2019-12-17 11:01:22 DEBUG wire:73 - http-outgoing-0 >> "[\r][\n]"
2019-12-17 11:01:22 DEBUG wire:87 - http-outgoing-0 >> "{"method":"deleteWebhook"}"
2019-12-17 11:01:22 DEBUG wire:73 - http-outgoing-0 << "HTTP/1.1 200 OK[\r][\n]"
2019-12-17 11:01:22 DEBUG wire:73 - http-outgoing-0 << "Server: nginx/1.16.1[\r][\n]"
2019-12-17 11:01:22 DEBUG wire:73 - http-outgoing-0 << "Date: Tue, 17 Dec 2019 10:01:20 GMT[\r][\n]"
2019-12-17 11:01:22 DEBUG wire:73 - http-outgoing-0 << "Content-Type: application/json[\r][\n]"
2019-12-17 11:01:22 DEBUG wire:73 - http-outgoing-0 << "Content-Length: 68[\r][\n]"
2019-12-17 11:01:22 DEBUG wire:73 - http-outgoing-0 << "Connection: keep-alive[\r][\n]"
2019-12-17 11:01:22 DEBUG wire:73 - http-outgoing-0 << "Strict-Transport-Security: max-age=31536000; includeSubDomains; preload[\r][\n]"
2019-12-17 11:01:22 DEBUG wire:73 - http-outgoing-0 << "Access-Control-Allow-Origin: *[\r][\n]"
2019-12-17 11:01:22 DEBUG wire:73 - http-outgoing-0 << "Access-Control-Allow-Methods: GET, POST, OPTIONS[\r][\n]"
2019-12-17 11:01:22 DEBUG wire:73 - http-outgoing-0 << "Access-Control-Expose-Headers: Content-Length,Content-Type,Date,Server,Connection[\r][\n]"
2019-12-17 11:01:22 DEBUG wire:73 - http-outgoing-0 << "[\r][\n]"
2019-12-17 11:01:22 DEBUG wire:87 - http-outgoing-0 << "{"ok":true,"result":true,"description":"Webhook is already deleted"}"
2019-12-17 11:01:22 DEBUG headers:122 - http-outgoing-0 << HTTP/1.1 200 OK
2019-12-17 11:01:22 DEBUG headers:125 - http-outgoing-0 << Server: nginx/1.16.1
2019-12-17 11:01:22 DEBUG headers:125 - http-outgoing-0 << Date: Tue, 17 Dec 2019 10:01:20 GMT
2019-12-17 11:01:22 DEBUG headers:125 - http-outgoing-0 << Content-Type: application/json
2019-12-17 11:01:22 DEBUG headers:125 - http-outgoing-0 << Content-Length: 68
2019-12-17 11:01:22 DEBUG headers:125 - http-outgoing-0 << Connection: keep-alive
2019-12-17 11:01:22 DEBUG headers:125 - http-outgoing-0 << Strict-Transport-Security: max-age=31536000; includeSubDomains; preload
2019-12-17 11:01:22 DEBUG headers:125 - http-outgoing-0 << Access-Control-Allow-Origin: *
2019-12-17 11:01:22 DEBUG headers:125 - http-outgoing-0 << Access-Control-Allow-Methods: GET, POST, OPTIONS
2019-12-17 11:01:22 DEBUG headers:125 - http-outgoing-0 << Access-Control-Expose-Headers: Content-Length,Content-Type,Date,Server,Connection
2019-12-17 11:01:22 DEBUG MainClientExec:285 - Connection can be kept alive indefinitely
2019-12-17 11:01:22 DEBUG PoolingHttpClientConnectionManager:342 - Connection [id: 0][route: {s}->https://api.telegram.org:443] can be kept alive indefinitely
2019-12-17 11:01:22 DEBUG DefaultManagedHttpClientConnection:88 - http-outgoing-0: set socket timeout to 0
2019-12-17 11:01:22 DEBUG PoolingHttpClientConnectionManager:349 - Connection released: [id: 0][route: {s}->https://api.telegram.org:443][total kept alive: 1; route allocated: 1 of 2; total allocated: 1 of 100]
2019-12-17 11:01:22 DEBUG RequestAddCookies:123 - CookieSpec selected: default
2019-12-17 11:01:22 DEBUG RequestAuthCache:77 - Auth cache not set in the context
2019-12-17 11:01:22 DEBUG PoolingHttpClientConnectionManager:266 - Connection request: [route: {s}->https://api.telegram.org:443][total kept alive: 0; route allocated: 0 of 2; total allocated: 0 of 100]
2019-12-17 11:01:22 DEBUG PoolingHttpClientConnectionManager:310 - Connection leased: [id: 1][route: {s}->https://api.telegram.org:443][total kept alive: 0; route allocated: 1 of 2; total allocated: 1 of 100]
2019-12-17 11:01:22 DEBUG MainClientExec:234 - Opening connection {s}->https://api.telegram.org:443
2019-12-17 11:01:22 DEBUG DefaultHttpClientConnectionOperator:139 - Connecting to api.telegram.org/149.154.167.220:443
2019-12-17 11:01:22 DEBUG SSLConnectionSocketFactory:366 - Connecting socket to api.telegram.org/149.154.167.220:443 with timeout 75000
2019-12-17 11:01:22 DEBUG SSLConnectionSocketFactory:430 - Enabled protocols: [TLSv1.3, TLSv1.2, TLSv1.1, TLSv1]
2019-12-17 11:01:22 DEBUG SSLConnectionSocketFactory:431 - Enabled cipher suites:[TLS_AES_128_GCM_SHA256, TLS_AES_256_GCM_SHA384, TLS_CHACHA20_POLY1305_SHA256, TLS_ECDHE_ECDSA_WITH_AES_256_GCM_SHA384, TLS_ECDHE_ECDSA_WITH_AES_128_GCM_SHA256, TLS_ECDHE_ECDSA_WITH_CHACHA20_POLY1305_SHA256, TLS_ECDHE_RSA_WITH_AES_256_GCM_SHA384, TLS_ECDHE_RSA_WITH_CHACHA20_POLY1305_SHA256, TLS_RSA_WITH_AES_256_GCM_SHA384, TLS_ECDH_ECDSA_WITH_AES_256_GCM_SHA384, TLS_ECDH_RSA_WITH_AES_256_GCM_SHA384, TLS_DHE_RSA_WITH_AES_256_GCM_SHA384, TLS_DHE_RSA_WITH_CHACHA20_POLY1305_SHA256, TLS_DHE_DSS_WITH_AES_256_GCM_SHA384, TLS_ECDHE_RSA_WITH_AES_128_GCM_SHA256, TLS_RSA_WITH_AES_128_GCM_SHA256, TLS_ECDH_ECDSA_WITH_AES_128_GCM_SHA256, TLS_ECDH_RSA_WITH_AES_128_GCM_SHA256, TLS_DHE_RSA_WITH_AES_128_GCM_SHA256, TLS_DHE_DSS_WITH_AES_128_GCM_SHA256, TLS_ECDHE_ECDSA_WITH_AES_256_CBC_SHA384, TLS_ECDHE_RSA_WITH_AES_256_CBC_SHA384, TLS_RSA_WITH_AES_256_CBC_SHA256, TLS_ECDH_ECDSA_WITH_AES_256_CBC_SHA384, TLS_ECDH_RSA_WITH_AES_256_CBC_SHA384, TLS_DHE_RSA_WITH_AES_256_CBC_SHA256, TLS_DHE_DSS_WITH_AES_256_CBC_SHA256, TLS_ECDHE_ECDSA_WITH_AES_256_CBC_SHA, TLS_ECDHE_RSA_WITH_AES_256_CBC_SHA, TLS_RSA_WITH_AES_256_CBC_SHA, TLS_ECDH_ECDSA_WITH_AES_256_CBC_SHA, TLS_ECDH_RSA_WITH_AES_256_CBC_SHA, TLS_DHE_RSA_WITH_AES_256_CBC_SHA, TLS_DHE_DSS_WITH_AES_256_CBC_SHA, TLS_ECDHE_ECDSA_WITH_AES_128_CBC_SHA256, TLS_ECDHE_RSA_WITH_AES_128_CBC_SHA256, TLS_RSA_WITH_AES_128_CBC_SHA256, TLS_ECDH_ECDSA_WITH_AES_128_CBC_SHA256, TLS_ECDH_RSA_WITH_AES_128_CBC_SHA256, TLS_DHE_RSA_WITH_AES_128_CBC_SHA256, TLS_DHE_DSS_WITH_AES_128_CBC_SHA256, TLS_ECDHE_ECDSA_WITH_AES_128_CBC_SHA, TLS_ECDHE_RSA_WITH_AES_128_CBC_SHA, TLS_RSA_WITH_AES_128_CBC_SHA, TLS_ECDH_ECDSA_WITH_AES_128_CBC_SHA, TLS_ECDH_RSA_WITH_AES_128_CBC_SHA, TLS_DHE_RSA_WITH_AES_128_CBC_SHA, TLS_DHE_DSS_WITH_AES_128_CBC_SHA, TLS_EMPTY_RENEGOTIATION_INFO_SCSV]
2019-12-17 11:01:22 DEBUG SSLConnectionSocketFactory:435 - Starting handshake
2019-12-17 11:01:22 DEBUG SSLConnectionSocketFactory:465 - Secure session established
2019-12-17 11:01:22 DEBUG SSLConnectionSocketFactory:466 -  negotiated protocol: TLSv1.2
2019-12-17 11:01:22 DEBUG SSLConnectionSocketFactory:467 -  negotiated cipher suite: TLS_ECDHE_RSA_WITH_AES_128_GCM_SHA256
2019-12-17 11:01:22 DEBUG SSLConnectionSocketFactory:475 -  peer principal: CN=api.telegram.org, OU=Domain Control Validated
2019-12-17 11:01:22 DEBUG SSLConnectionSocketFactory:484 -  peer alternative names: [api.telegram.org, www.api.telegram.org]
2019-12-17 11:01:22 DEBUG SSLConnectionSocketFactory:488 -  issuer principal: CN=Go Daddy Secure Certificate Authority - G2, OU=http://certs.godaddy.com/repository/, O="GoDaddy.com, Inc.", L=Scottsdale, ST=Arizona, C=US
2019-12-17 11:01:22 DEBUG DefaultHttpClientConnectionOperator:146 - Connection established 10.0.16.131:19046<->149.154.167.220:443
2019-12-17 11:01:22 DEBUG DefaultManagedHttpClientConnection:88 - http-outgoing-1: set socket timeout to 75000
2019-12-17 11:01:22 DEBUG MainClientExec:255 - Executing request POST /bot906099272:AAEs_vkxgMyBWk2J7hzC01RIbVfjtonqvkw/getupdates HTTP/1.1
2019-12-17 11:01:22 DEBUG MainClientExec:260 - Target auth state: UNCHALLENGED
2019-12-17 11:01:22 DEBUG MainClientExec:266 - Proxy auth state: UNCHALLENGED
2019-12-17 11:01:22 DEBUG headers:133 - http-outgoing-1 >> POST /bot906099272:AAEs_vkxgMyBWk2J7hzC01RIbVfjtonqvkw/getupdates HTTP/1.1
2019-12-17 11:01:22 DEBUG headers:136 - http-outgoing-1 >> charset: UTF-8
2019-12-17 11:01:22 DEBUG headers:136 - http-outgoing-1 >> Content-Length: 59
2019-12-17 11:01:22 DEBUG headers:136 - http-outgoing-1 >> Content-Type: application/json; charset=UTF-8
2019-12-17 11:01:22 DEBUG headers:136 - http-outgoing-1 >> Host: api.telegram.org
2019-12-17 11:01:22 DEBUG headers:136 - http-outgoing-1 >> Connection: Keep-Alive
2019-12-17 11:01:22 DEBUG headers:136 - http-outgoing-1 >> User-Agent: Apache-HttpClient/4.5.10 (Java/12.0.1)
2019-12-17 11:01:22 DEBUG headers:136 - http-outgoing-1 >> Accept-Encoding: gzip,deflate
2019-12-17 11:01:22 DEBUG wire:73 - http-outgoing-1 >> "POST /bot906099272:AAEs_vkxgMyBWk2J7hzC01RIbVfjtonqvkw/getupdates HTTP/1.1[\r][\n]"
2019-12-17 11:01:22 DEBUG wire:73 - http-outgoing-1 >> "charset: UTF-8[\r][\n]"
2019-12-17 11:01:22 DEBUG wire:73 - http-outgoing-1 >> "Content-Length: 59[\r][\n]"
2019-12-17 11:01:22 DEBUG wire:73 - http-outgoing-1 >> "Content-Type: application/json; charset=UTF-8[\r][\n]"
2019-12-17 11:01:22 DEBUG wire:73 - http-outgoing-1 >> "Host: api.telegram.org[\r][\n]"
2019-12-17 11:01:22 DEBUG wire:73 - http-outgoing-1 >> "Connection: Keep-Alive[\r][\n]"
2019-12-17 11:01:22 DEBUG wire:73 - http-outgoing-1 >> "User-Agent: Apache-HttpClient/4.5.10 (Java/12.0.1)[\r][\n]"
2019-12-17 11:01:22 DEBUG wire:73 - http-outgoing-1 >> "Accept-Encoding: gzip,deflate[\r][\n]"
2019-12-17 11:01:22 DEBUG wire:73 - http-outgoing-1 >> "[\r][\n]"
2019-12-17 11:01:22 DEBUG wire:87 - http-outgoing-1 >> "{"offset":1,"limit":100,"timeout":50,"method":"getupdates"}"
2019-12-17 11:01:31 DEBUG RequestAddCookies:123 - CookieSpec selected: default
2019-12-17 11:01:31 DEBUG RequestAuthCache:77 - Auth cache not set in the context
2019-12-17 11:01:31 DEBUG PoolingHttpClientConnectionManager:266 - Connection request: [route: {s}->https://api.telegram.org:443][total kept alive: 0; route allocated: 0 of 2; total allocated: 0 of 100]
2019-12-17 11:01:31 DEBUG PoolingHttpClientConnectionManager:310 - Connection leased: [id: 0][route: {s}->https://api.telegram.org:443][total kept alive: 0; route allocated: 1 of 2; total allocated: 1 of 100]
2019-12-17 11:01:31 DEBUG MainClientExec:234 - Opening connection {s}->https://api.telegram.org:443
2019-12-17 11:01:31 DEBUG DefaultHttpClientConnectionOperator:139 - Connecting to api.telegram.org/149.154.167.220:443
2019-12-17 11:01:31 DEBUG SSLConnectionSocketFactory:366 - Connecting socket to api.telegram.org/149.154.167.220:443 with timeout 75000
2019-12-17 11:01:31 DEBUG SSLConnectionSocketFactory:430 - Enabled protocols: [TLSv1.3, TLSv1.2, TLSv1.1, TLSv1]
2019-12-17 11:01:31 DEBUG SSLConnectionSocketFactory:431 - Enabled cipher suites:[TLS_AES_128_GCM_SHA256, TLS_AES_256_GCM_SHA384, TLS_CHACHA20_POLY1305_SHA256, TLS_ECDHE_ECDSA_WITH_AES_256_GCM_SHA384, TLS_ECDHE_ECDSA_WITH_AES_128_GCM_SHA256, TLS_ECDHE_ECDSA_WITH_CHACHA20_POLY1305_SHA256, TLS_ECDHE_RSA_WITH_AES_256_GCM_SHA384, TLS_ECDHE_RSA_WITH_CHACHA20_POLY1305_SHA256, TLS_RSA_WITH_AES_256_GCM_SHA384, TLS_ECDH_ECDSA_WITH_AES_256_GCM_SHA384, TLS_ECDH_RSA_WITH_AES_256_GCM_SHA384, TLS_DHE_RSA_WITH_AES_256_GCM_SHA384, TLS_DHE_RSA_WITH_CHACHA20_POLY1305_SHA256, TLS_DHE_DSS_WITH_AES_256_GCM_SHA384, TLS_ECDHE_RSA_WITH_AES_128_GCM_SHA256, TLS_RSA_WITH_AES_128_GCM_SHA256, TLS_ECDH_ECDSA_WITH_AES_128_GCM_SHA256, TLS_ECDH_RSA_WITH_AES_128_GCM_SHA256, TLS_DHE_RSA_WITH_AES_128_GCM_SHA256, TLS_DHE_DSS_WITH_AES_128_GCM_SHA256, TLS_ECDHE_ECDSA_WITH_AES_256_CBC_SHA384, TLS_ECDHE_RSA_WITH_AES_256_CBC_SHA384, TLS_RSA_WITH_AES_256_CBC_SHA256, TLS_ECDH_ECDSA_WITH_AES_256_CBC_SHA384, TLS_ECDH_RSA_WITH_AES_256_CBC_SHA384, TLS_DHE_RSA_WITH_AES_256_CBC_SHA256, TLS_DHE_DSS_WITH_AES_256_CBC_SHA256, TLS_ECDHE_ECDSA_WITH_AES_256_CBC_SHA, TLS_ECDHE_RSA_WITH_AES_256_CBC_SHA, TLS_RSA_WITH_AES_256_CBC_SHA, TLS_ECDH_ECDSA_WITH_AES_256_CBC_SHA, TLS_ECDH_RSA_WITH_AES_256_CBC_SHA, TLS_DHE_RSA_WITH_AES_256_CBC_SHA, TLS_DHE_DSS_WITH_AES_256_CBC_SHA, TLS_ECDHE_ECDSA_WITH_AES_128_CBC_SHA256, TLS_ECDHE_RSA_WITH_AES_128_CBC_SHA256, TLS_RSA_WITH_AES_128_CBC_SHA256, TLS_ECDH_ECDSA_WITH_AES_128_CBC_SHA256, TLS_ECDH_RSA_WITH_AES_128_CBC_SHA256, TLS_DHE_RSA_WITH_AES_128_CBC_SHA256, TLS_DHE_DSS_WITH_AES_128_CBC_SHA256, TLS_ECDHE_ECDSA_WITH_AES_128_CBC_SHA, TLS_ECDHE_RSA_WITH_AES_128_CBC_SHA, TLS_RSA_WITH_AES_128_CBC_SHA, TLS_ECDH_ECDSA_WITH_AES_128_CBC_SHA, TLS_ECDH_RSA_WITH_AES_128_CBC_SHA, TLS_DHE_RSA_WITH_AES_128_CBC_SHA, TLS_DHE_DSS_WITH_AES_128_CBC_SHA, TLS_EMPTY_RENEGOTIATION_INFO_SCSV]
2019-12-17 11:01:31 DEBUG SSLConnectionSocketFactory:435 - Starting handshake
2019-12-17 11:01:31 DEBUG SSLConnectionSocketFactory:465 - Secure session established
2019-12-17 11:01:31 DEBUG SSLConnectionSocketFactory:466 -  negotiated protocol: TLSv1.2
2019-12-17 11:01:31 DEBUG SSLConnectionSocketFactory:467 -  negotiated cipher suite: TLS_ECDHE_RSA_WITH_AES_128_GCM_SHA256
2019-12-17 11:01:31 DEBUG SSLConnectionSocketFactory:475 -  peer principal: CN=api.telegram.org, OU=Domain Control Validated
2019-12-17 11:01:31 DEBUG SSLConnectionSocketFactory:484 -  peer alternative names: [api.telegram.org, www.api.telegram.org]
2019-12-17 11:01:31 DEBUG SSLConnectionSocketFactory:488 -  issuer principal: CN=Go Daddy Secure Certificate Authority - G2, OU=http://certs.godaddy.com/repository/, O="GoDaddy.com, Inc.", L=Scottsdale, ST=Arizona, C=US
2019-12-17 11:01:31 DEBUG DefaultHttpClientConnectionOperator:146 - Connection established 10.0.16.131:19052<->149.154.167.220:443
2019-12-17 11:01:31 DEBUG DefaultManagedHttpClientConnection:88 - http-outgoing-0: set socket timeout to 75000
2019-12-17 11:01:31 DEBUG MainClientExec:255 - Executing request POST /bot906099272:AAEs_vkxgMyBWk2J7hzC01RIbVfjtonqvkw/deleteWebhook HTTP/1.1
2019-12-17 11:01:31 DEBUG MainClientExec:260 - Target auth state: UNCHALLENGED
2019-12-17 11:01:31 DEBUG MainClientExec:266 - Proxy auth state: UNCHALLENGED
2019-12-17 11:01:31 DEBUG headers:133 - http-outgoing-0 >> POST /bot906099272:AAEs_vkxgMyBWk2J7hzC01RIbVfjtonqvkw/deleteWebhook HTTP/1.1
2019-12-17 11:01:31 DEBUG headers:136 - http-outgoing-0 >> charset: UTF-8
2019-12-17 11:01:31 DEBUG headers:136 - http-outgoing-0 >> Content-Length: 26
2019-12-17 11:01:31 DEBUG headers:136 - http-outgoing-0 >> Content-Type: application/json; charset=UTF-8
2019-12-17 11:01:31 DEBUG headers:136 - http-outgoing-0 >> Host: api.telegram.org
2019-12-17 11:01:31 DEBUG headers:136 - http-outgoing-0 >> Connection: Keep-Alive
2019-12-17 11:01:31 DEBUG headers:136 - http-outgoing-0 >> User-Agent: Apache-HttpClient/4.5.10 (Java/12.0.1)
2019-12-17 11:01:31 DEBUG headers:136 - http-outgoing-0 >> Accept-Encoding: gzip,deflate
2019-12-17 11:01:31 DEBUG wire:73 - http-outgoing-0 >> "POST /bot906099272:AAEs_vkxgMyBWk2J7hzC01RIbVfjtonqvkw/deleteWebhook HTTP/1.1[\r][\n]"
2019-12-17 11:01:31 DEBUG wire:73 - http-outgoing-0 >> "charset: UTF-8[\r][\n]"
2019-12-17 11:01:31 DEBUG wire:73 - http-outgoing-0 >> "Content-Length: 26[\r][\n]"
2019-12-17 11:01:31 DEBUG wire:73 - http-outgoing-0 >> "Content-Type: application/json; charset=UTF-8[\r][\n]"
2019-12-17 11:01:31 DEBUG wire:73 - http-outgoing-0 >> "Host: api.telegram.org[\r][\n]"
2019-12-17 11:01:31 DEBUG wire:73 - http-outgoing-0 >> "Connection: Keep-Alive[\r][\n]"
2019-12-17 11:01:31 DEBUG wire:73 - http-outgoing-0 >> "User-Agent: Apache-HttpClient/4.5.10 (Java/12.0.1)[\r][\n]"
2019-12-17 11:01:31 DEBUG wire:73 - http-outgoing-0 >> "Accept-Encoding: gzip,deflate[\r][\n]"
2019-12-17 11:01:31 DEBUG wire:73 - http-outgoing-0 >> "[\r][\n]"
2019-12-17 11:01:31 DEBUG wire:87 - http-outgoing-0 >> "{"method":"deleteWebhook"}"
2019-12-17 11:01:31 DEBUG wire:73 - http-outgoing-0 << "HTTP/1.1 200 OK[\r][\n]"
2019-12-17 11:01:31 DEBUG wire:73 - http-outgoing-0 << "Server: nginx/1.16.1[\r][\n]"
2019-12-17 11:01:31 DEBUG wire:73 - http-outgoing-0 << "Date: Tue, 17 Dec 2019 10:01:29 GMT[\r][\n]"
2019-12-17 11:01:31 DEBUG wire:73 - http-outgoing-0 << "Content-Type: application/json[\r][\n]"
2019-12-17 11:01:31 DEBUG wire:73 - http-outgoing-0 << "Content-Length: 68[\r][\n]"
2019-12-17 11:01:31 DEBUG wire:73 - http-outgoing-0 << "Connection: keep-alive[\r][\n]"
2019-12-17 11:01:31 DEBUG wire:73 - http-outgoing-0 << "Strict-Transport-Security: max-age=31536000; includeSubDomains; preload[\r][\n]"
2019-12-17 11:01:31 DEBUG wire:73 - http-outgoing-0 << "Access-Control-Allow-Origin: *[\r][\n]"
2019-12-17 11:01:31 DEBUG wire:73 - http-outgoing-0 << "Access-Control-Allow-Methods: GET, POST, OPTIONS[\r][\n]"
2019-12-17 11:01:31 DEBUG wire:73 - http-outgoing-0 << "Access-Control-Expose-Headers: Content-Length,Content-Type,Date,Server,Connection[\r][\n]"
2019-12-17 11:01:31 DEBUG wire:73 - http-outgoing-0 << "[\r][\n]"
2019-12-17 11:01:31 DEBUG wire:87 - http-outgoing-0 << "{"ok":true,"result":true,"description":"Webhook is already deleted"}"
2019-12-17 11:01:31 DEBUG headers:122 - http-outgoing-0 << HTTP/1.1 200 OK
2019-12-17 11:01:31 DEBUG headers:125 - http-outgoing-0 << Server: nginx/1.16.1
2019-12-17 11:01:31 DEBUG headers:125 - http-outgoing-0 << Date: Tue, 17 Dec 2019 10:01:29 GMT
2019-12-17 11:01:31 DEBUG headers:125 - http-outgoing-0 << Content-Type: application/json
2019-12-17 11:01:31 DEBUG headers:125 - http-outgoing-0 << Content-Length: 68
2019-12-17 11:01:31 DEBUG headers:125 - http-outgoing-0 << Connection: keep-alive
2019-12-17 11:01:31 DEBUG headers:125 - http-outgoing-0 << Strict-Transport-Security: max-age=31536000; includeSubDomains; preload
2019-12-17 11:01:31 DEBUG headers:125 - http-outgoing-0 << Access-Control-Allow-Origin: *
2019-12-17 11:01:31 DEBUG headers:125 - http-outgoing-0 << Access-Control-Allow-Methods: GET, POST, OPTIONS
2019-12-17 11:01:31 DEBUG headers:125 - http-outgoing-0 << Access-Control-Expose-Headers: Content-Length,Content-Type,Date,Server,Connection
2019-12-17 11:01:31 DEBUG MainClientExec:285 - Connection can be kept alive indefinitely
2019-12-17 11:01:31 DEBUG PoolingHttpClientConnectionManager:342 - Connection [id: 0][route: {s}->https://api.telegram.org:443] can be kept alive indefinitely
2019-12-17 11:01:31 DEBUG DefaultManagedHttpClientConnection:88 - http-outgoing-0: set socket timeout to 0
2019-12-17 11:01:31 DEBUG PoolingHttpClientConnectionManager:349 - Connection released: [id: 0][route: {s}->https://api.telegram.org:443][total kept alive: 1; route allocated: 1 of 2; total allocated: 1 of 100]
2019-12-17 11:01:31 DEBUG RequestAddCookies:123 - CookieSpec selected: default
2019-12-17 11:01:31 DEBUG RequestAuthCache:77 - Auth cache not set in the context
2019-12-17 11:01:31 DEBUG PoolingHttpClientConnectionManager:266 - Connection request: [route: {s}->https://api.telegram.org:443][total kept alive: 0; route allocated: 0 of 2; total allocated: 0 of 100]
2019-12-17 11:01:31 DEBUG PoolingHttpClientConnectionManager:310 - Connection leased: [id: 1][route: {s}->https://api.telegram.org:443][total kept alive: 0; route allocated: 1 of 2; total allocated: 1 of 100]
2019-12-17 11:01:31 DEBUG MainClientExec:234 - Opening connection {s}->https://api.telegram.org:443
2019-12-17 11:01:31 DEBUG DefaultHttpClientConnectionOperator:139 - Connecting to api.telegram.org/149.154.167.220:443
2019-12-17 11:01:31 DEBUG SSLConnectionSocketFactory:366 - Connecting socket to api.telegram.org/149.154.167.220:443 with timeout 75000
2019-12-17 11:01:31 DEBUG SSLConnectionSocketFactory:430 - Enabled protocols: [TLSv1.3, TLSv1.2, TLSv1.1, TLSv1]
2019-12-17 11:01:31 DEBUG SSLConnectionSocketFactory:431 - Enabled cipher suites:[TLS_AES_128_GCM_SHA256, TLS_AES_256_GCM_SHA384, TLS_CHACHA20_POLY1305_SHA256, TLS_ECDHE_ECDSA_WITH_AES_256_GCM_SHA384, TLS_ECDHE_ECDSA_WITH_AES_128_GCM_SHA256, TLS_ECDHE_ECDSA_WITH_CHACHA20_POLY1305_SHA256, TLS_ECDHE_RSA_WITH_AES_256_GCM_SHA384, TLS_ECDHE_RSA_WITH_CHACHA20_POLY1305_SHA256, TLS_RSA_WITH_AES_256_GCM_SHA384, TLS_ECDH_ECDSA_WITH_AES_256_GCM_SHA384, TLS_ECDH_RSA_WITH_AES_256_GCM_SHA384, TLS_DHE_RSA_WITH_AES_256_GCM_SHA384, TLS_DHE_RSA_WITH_CHACHA20_POLY1305_SHA256, TLS_DHE_DSS_WITH_AES_256_GCM_SHA384, TLS_ECDHE_RSA_WITH_AES_128_GCM_SHA256, TLS_RSA_WITH_AES_128_GCM_SHA256, TLS_ECDH_ECDSA_WITH_AES_128_GCM_SHA256, TLS_ECDH_RSA_WITH_AES_128_GCM_SHA256, TLS_DHE_RSA_WITH_AES_128_GCM_SHA256, TLS_DHE_DSS_WITH_AES_128_GCM_SHA256, TLS_ECDHE_ECDSA_WITH_AES_256_CBC_SHA384, TLS_ECDHE_RSA_WITH_AES_256_CBC_SHA384, TLS_RSA_WITH_AES_256_CBC_SHA256, TLS_ECDH_ECDSA_WITH_AES_256_CBC_SHA384, TLS_ECDH_RSA_WITH_AES_256_CBC_SHA384, TLS_DHE_RSA_WITH_AES_256_CBC_SHA256, TLS_DHE_DSS_WITH_AES_256_CBC_SHA256, TLS_ECDHE_ECDSA_WITH_AES_256_CBC_SHA, TLS_ECDHE_RSA_WITH_AES_256_CBC_SHA, TLS_RSA_WITH_AES_256_CBC_SHA, TLS_ECDH_ECDSA_WITH_AES_256_CBC_SHA, TLS_ECDH_RSA_WITH_AES_256_CBC_SHA, TLS_DHE_RSA_WITH_AES_256_CBC_SHA, TLS_DHE_DSS_WITH_AES_256_CBC_SHA, TLS_ECDHE_ECDSA_WITH_AES_128_CBC_SHA256, TLS_ECDHE_RSA_WITH_AES_128_CBC_SHA256, TLS_RSA_WITH_AES_128_CBC_SHA256, TLS_ECDH_ECDSA_WITH_AES_128_CBC_SHA256, TLS_ECDH_RSA_WITH_AES_128_CBC_SHA256, TLS_DHE_RSA_WITH_AES_128_CBC_SHA256, TLS_DHE_DSS_WITH_AES_128_CBC_SHA256, TLS_ECDHE_ECDSA_WITH_AES_128_CBC_SHA, TLS_ECDHE_RSA_WITH_AES_128_CBC_SHA, TLS_RSA_WITH_AES_128_CBC_SHA, TLS_ECDH_ECDSA_WITH_AES_128_CBC_SHA, TLS_ECDH_RSA_WITH_AES_128_CBC_SHA, TLS_DHE_RSA_WITH_AES_128_CBC_SHA, TLS_DHE_DSS_WITH_AES_128_CBC_SHA, TLS_EMPTY_RENEGOTIATION_INFO_SCSV]
2019-12-17 11:01:31 DEBUG SSLConnectionSocketFactory:435 - Starting handshake
2019-12-17 11:01:31 DEBUG SSLConnectionSocketFactory:465 - Secure session established
2019-12-17 11:01:31 DEBUG SSLConnectionSocketFactory:466 -  negotiated protocol: TLSv1.2
2019-12-17 11:01:31 DEBUG SSLConnectionSocketFactory:467 -  negotiated cipher suite: TLS_ECDHE_RSA_WITH_AES_128_GCM_SHA256
2019-12-17 11:01:31 DEBUG SSLConnectionSocketFactory:475 -  peer principal: CN=api.telegram.org, OU=Domain Control Validated
2019-12-17 11:01:31 DEBUG SSLConnectionSocketFactory:484 -  peer alternative names: [api.telegram.org, www.api.telegram.org]
2019-12-17 11:01:31 DEBUG SSLConnectionSocketFactory:488 -  issuer principal: CN=Go Daddy Secure Certificate Authority - G2, OU=http://certs.godaddy.com/repository/, O="GoDaddy.com, Inc.", L=Scottsdale, ST=Arizona, C=US
2019-12-17 11:01:31 DEBUG DefaultHttpClientConnectionOperator:146 - Connection established 10.0.16.131:19053<->149.154.167.220:443
2019-12-17 11:01:31 DEBUG DefaultManagedHttpClientConnection:88 - http-outgoing-1: set socket timeout to 75000
2019-12-17 11:01:31 DEBUG MainClientExec:255 - Executing request POST /bot906099272:AAEs_vkxgMyBWk2J7hzC01RIbVfjtonqvkw/getupdates HTTP/1.1
2019-12-17 11:01:31 DEBUG MainClientExec:260 - Target auth state: UNCHALLENGED
2019-12-17 11:01:31 DEBUG MainClientExec:266 - Proxy auth state: UNCHALLENGED
2019-12-17 11:01:31 DEBUG headers:133 - http-outgoing-1 >> POST /bot906099272:AAEs_vkxgMyBWk2J7hzC01RIbVfjtonqvkw/getupdates HTTP/1.1
2019-12-17 11:01:31 DEBUG headers:136 - http-outgoing-1 >> charset: UTF-8
2019-12-17 11:01:31 DEBUG headers:136 - http-outgoing-1 >> Content-Length: 59
2019-12-17 11:01:31 DEBUG headers:136 - http-outgoing-1 >> Content-Type: application/json; charset=UTF-8
2019-12-17 11:01:31 DEBUG headers:136 - http-outgoing-1 >> Host: api.telegram.org
2019-12-17 11:01:31 DEBUG headers:136 - http-outgoing-1 >> Connection: Keep-Alive
2019-12-17 11:01:31 DEBUG headers:136 - http-outgoing-1 >> User-Agent: Apache-HttpClient/4.5.10 (Java/12.0.1)
2019-12-17 11:01:31 DEBUG headers:136 - http-outgoing-1 >> Accept-Encoding: gzip,deflate
2019-12-17 11:01:31 DEBUG wire:73 - http-outgoing-1 >> "POST /bot906099272:AAEs_vkxgMyBWk2J7hzC01RIbVfjtonqvkw/getupdates HTTP/1.1[\r][\n]"
2019-12-17 11:01:31 DEBUG wire:73 - http-outgoing-1 >> "charset: UTF-8[\r][\n]"
2019-12-17 11:01:31 DEBUG wire:73 - http-outgoing-1 >> "Content-Length: 59[\r][\n]"
2019-12-17 11:01:31 DEBUG wire:73 - http-outgoing-1 >> "Content-Type: application/json; charset=UTF-8[\r][\n]"
2019-12-17 11:01:31 DEBUG wire:73 - http-outgoing-1 >> "Host: api.telegram.org[\r][\n]"
2019-12-17 11:01:31 DEBUG wire:73 - http-outgoing-1 >> "Connection: Keep-Alive[\r][\n]"
2019-12-17 11:01:31 DEBUG wire:73 - http-outgoing-1 >> "User-Agent: Apache-HttpClient/4.5.10 (Java/12.0.1)[\r][\n]"
2019-12-17 11:01:31 DEBUG wire:73 - http-outgoing-1 >> "Accept-Encoding: gzip,deflate[\r][\n]"
2019-12-17 11:01:31 DEBUG wire:73 - http-outgoing-1 >> "[\r][\n]"
2019-12-17 11:01:31 DEBUG wire:87 - http-outgoing-1 >> "{"offset":1,"limit":100,"timeout":50,"method":"getupdates"}"
